<?xml version="1.0" encoding="UTF-8"?>
<robot generator="Robot 7.2.2 (Python 3.13.3 on win32)" generated="2025-05-29T12:30:47.860866" rpa="false" schemaversion="5">
<suite id="s1" name="Formulario" source="C:\Users\josep\prueba-tecnica-robot\formulario.robot">
<test id="s1-t1" name="Abrir Página de Formulario" line="5">
<kw name="Open Browser" owner="SeleniumLibrary">
<msg time="2025-05-29T12:30:48.316522" level="INFO">Opening browser 'chrome' to base url 'https://demoqa.com/automation-practice-form'.</msg>
<arg>https://demoqa.com/automation-practice-form</arg>
<arg>chrome</arg>
<doc>Opens a new browser instance to the optional ``url``.</doc>
<status status="PASS" start="2025-05-29T12:30:48.315916" elapsed="10.081084"/>
</kw>
<kw name="Sleep" owner="BuiltIn">
<msg time="2025-05-29T12:31:03.399207" level="INFO">Slept 5 seconds.</msg>
<arg>5s</arg>
<doc>Pauses the test executed for the given time.</doc>
<status status="PASS" start="2025-05-29T12:30:58.398226" elapsed="5.001494"/>
</kw>
<kw name="Close Browser" owner="SeleniumLibrary">
<doc>Closes the current browser.</doc>
<status status="PASS" start="2025-05-29T12:31:03.400714" elapsed="2.232102"/>
</kw>
<status status="PASS" start="2025-05-29T12:30:48.312898" elapsed="17.320478"/>
</test>
<status status="PASS" start="2025-05-29T12:30:47.862963" elapsed="17.771858"/>
</suite>
<statistics>
<total>
<stat pass="1" fail="0" skip="0">All Tests</stat>
</total>
<tag>
</tag>
<suite>
<stat name="Formulario" id="s1" pass="1" fail="0" skip="0">Formulario</stat>
</suite>
</statistics>
<errors>
</errors>
</robot>
